#
# A fatal error has been detected by the Java Runtime Environment:
#
#  EXCEPTION_ACCESS_VIOLATION (0xc0000005) at pc=0x000000000293b6fa, pid=24860, tid=17172
#
# JRE version: Java(TM) SE Runtime Environment (7.0_79-b15) (build 1.7.0_79-b15)
# Java VM: Java HotSpot(TM) 64-Bit Server VM (24.79-b02 mixed mode windows-amd64 compressed oops)
# Problematic frame:
# v  ~BufferBlob::jni_fast_GetLongField
#
# Failed to write core dump. Minidumps are not enabled by default on client versions of Windows
#
# If you would like to submit a bug report, please visit:
#   http://bugreport.java.com/bugreport/crash.jsp
# The crash happened outside the Java Virtual Machine in native code.
# See problematic frame for where to report the bug.
#

---------------  T H R E A D  ---------------

Current thread (0x0000000011db3800):  JavaThread "AWT-EventQueue-0" [_thread_in_native, id=17172, stack(0x0000000012900000,0x0000000012a00000)]

siginfo: ExceptionCode=0xc0000005, reading address 0x0000000000000000

Registers:
RAX=0x000000006efd7f80, RBX=0x00000006fdbeb588, RCX=0x0000000011db39e8, RDX=0x0000000000000000
RSP=0x00000000129fc038, RBP=0x00000000129fc170, RSI=0x00000000129fc440, RDI=0x0000000011db39e8
R8 =0x0000000000000042, R9 =0x0000000000000000, R10=0x000000000000036a, R11=0x000000006eac4050
R12=0x00000000129fc438, R13=0x0000000000000000, R14=0x0000000000000000, R15=0x0000000000000000
RIP=0x000000000293b6fa, EFLAGS=0x0000000000010246

Top of Stack: (sp=0x00000000129fc038)
0x00000000129fc038:   00000000776b15ed 00000000109ea400
0x00000000129fc048:   000000000257c6f0 00000006fdbecc30
0x00000000129fc058:   0000000000000000 0000000011db39e8
0x00000000129fc068:   00000000776baf1b 00000006fdbeb588
0x00000000129fc078:   000000000257c6f0 0000000000000000
0x00000000129fc088:   00000000121be770 00000000121be770
0x00000000129fc098:   000000006eab1a95 0000000011db3800
0x00000000129fc0a8:   000000000257c6f0 00000000028ef0d8
0x00000000129fc0b8:   0000000000000000 0000000000000007
0x00000000129fc0c8:   000000006eac2836 00000000129fc448
0x00000000129fc0d8:   00000000129fc450 00000000121be770
0x00000000129fc0e8:   0000000000000000 0000000011db39e8
0x00000000129fc0f8:   0000000000000000 0000000000002028
0x00000000129fc108:   0000000000000000 0000006400000000
0x00000000129fc118:   0000000000000000 00000000fde06090
0x00000000129fc128:   0000006400000000 000001f500000000 

Instructions: (pc=0x000000000293b6fa)
0x000000000293b6da:   00 00 00 00 00 00 44 8b 15 e1 c7 6f 6c 4c 8b ca
0x000000000293b6ea:   41 f6 c2 01 0f 85 2e 00 00 00 4d 33 ca 4d 33 ca
0x000000000293b6fa:   4d 8b 09 4d 8b d8 49 c1 eb 02 4b 8b 04 19 49 bb
0x000000000293b70a:   c8 7e 03 6f 00 00 00 00 4c 33 d8 4c 33 d8 45 3b 


Register to memory mapping:

RAX=0x000000006efd7f80 is an unknown value
RBX=0x00000006fdbeb588 is an oop
{method} 
 - klass: {other class}
RCX=0x0000000011db39e8 is an unknown value
RDX=0x0000000000000000 is an unknown value
RSP=0x00000000129fc038 is pointing into the stack for thread: 0x0000000011db3800
RBP=0x00000000129fc170 is pointing into the stack for thread: 0x0000000011db3800
RSI=0x00000000129fc440 is pointing into the stack for thread: 0x0000000011db3800
RDI=0x0000000011db39e8 is an unknown value
R8 =0x0000000000000042 is an unknown value
R9 =0x0000000000000000 is an unknown value
R10=0x000000000000036a is an unknown value
R11=0x000000006eac4050 is an unknown value
R12=0x00000000129fc438 is pointing into the stack for thread: 0x0000000011db3800
R13=0x0000000000000000 is an unknown value
R14=0x0000000000000000 is an unknown value
R15=0x0000000000000000 is an unknown value


Stack: [0x0000000012900000,0x0000000012a00000],  sp=0x00000000129fc038,  free space=1008k
Native frames: (J=compiled Java code, j=interpreted, Vv=VM code, C=native code)
v  ~BufferBlob::jni_fast_GetLongField

Java frames: (J=compiled Java code, j=interpreted, Vv=VM code)
j  sun.java2d.loops.MaskBlit.MaskBlit(Lsun/java2d/SurfaceData;Lsun/java2d/SurfaceData;Ljava/awt/Composite;Lsun/java2d/pipe/Region;IIIIII[BII)V+0
j  sun.java2d.loops.Blit$GeneralMaskBlit.Blit(Lsun/java2d/SurfaceData;Lsun/java2d/SurfaceData;Ljava/awt/Composite;Lsun/java2d/pipe/Region;IIIIII)V+24
j  sun.java2d.pipe.DrawImage.blitSurfaceData(Lsun/java2d/SunGraphics2D;Lsun/java2d/pipe/Region;Lsun/java2d/SurfaceData;Lsun/java2d/SurfaceData;Lsun/java2d/loops/SurfaceType;Lsun/java2d/loops/SurfaceType;IIIIIILjava/awt/Color;)V+97
j  sun.java2d.pipe.DrawImage.renderImageCopy(Lsun/java2d/SunGraphics2D;Ljava/awt/Image;Ljava/awt/Color;IIIIII)Z+77
j  sun.java2d.pipe.DrawImage.copyImage(Lsun/java2d/SunGraphics2D;Ljava/awt/Image;IILjava/awt/Color;)Z+45
j  sun.java2d.pipe.DrawImage.copyImage(Lsun/java2d/SunGraphics2D;Ljava/awt/Image;IILjava/awt/Color;Ljava/awt/image/ImageObserver;)Z+15
j  sun.java2d.SunGraphics2D.drawImage(Ljava/awt/Image;IILjava/awt/Color;Ljava/awt/image/ImageObserver;)Z+65
j  sun.java2d.SunGraphics2D.drawImage(Ljava/awt/Image;IILjava/awt/image/ImageObserver;)Z+7
j  sun.swing.CachedPainter.paintImage(Ljava/awt/Component;Ljava/awt/Graphics;IIIILjava/awt/Image;[Ljava/lang/Object;)V+7
j  sun.swing.CachedPainter.paint0(Ljava/awt/Component;Ljava/awt/Graphics;IIII[Ljava/lang/Object;)V+191
j  sun.swing.CachedPainter.paint(Ljava/awt/Component;Ljava/awt/Graphics;IIII[Ljava/lang/Object;)V+95
j  com.sun.java.swing.plaf.windows.XPStyle$Skin.paintSkinRaw(Ljava/awt/Graphics;IIIILcom/sun/java/swing/plaf/windows/TMSchema$State;)V+31
j  com.sun.java.swing.plaf.windows.AnimationController$AnimationState.paintSkin(Lcom/sun/java/swing/plaf/windows/XPStyle$Skin;Ljava/awt/Graphics;IIIILcom/sun/java/swing/plaf/windows/TMSchema$State;)V+54
j  com.sun.java.swing.plaf.windows.AnimationController.paintSkin(Ljavax/swing/JComponent;Lcom/sun/java/swing/plaf/windows/XPStyle$Skin;Ljava/awt/Graphics;IIIILcom/sun/java/swing/plaf/windows/TMSchema$State;)V+100
j  com.sun.java.swing.plaf.windows.XPStyle$Skin.paintSkin(Ljava/awt/Graphics;IIIILcom/sun/java/swing/plaf/windows/TMSchema$State;)V+53
j  com.sun.java.swing.plaf.windows.WindowsButtonUI.paintXPButtonBackground(Ljava/awt/Graphics;Ljavax/swing/JComponent;)V+165
j  com.sun.java.swing.plaf.windows.WindowsButtonUI.paint(Ljava/awt/Graphics;Ljavax/swing/JComponent;)V+8
j  javax.swing.plaf.ComponentUI.update(Ljava/awt/Graphics;Ljavax/swing/JComponent;)V+32
j  javax.swing.JComponent.paintComponent(Ljava/awt/Graphics;)V+26
j  javax.swing.JComponent.paint(Ljava/awt/Graphics;)V+286
j  javax.swing.JComponent.paintToOffscreen(Ljava/awt/Graphics;IIIIII)V+41
j  javax.swing.BufferStrategyPaintManager.paint(Ljavax/swing/JComponent;Ljavax/swing/JComponent;Ljava/awt/Graphics;IIII)Z+157
j  javax.swing.RepaintManager.paint(Ljavax/swing/JComponent;Ljavax/swing/JComponent;Ljava/awt/Graphics;IIII)V+52
j  javax.swing.JComponent._paintImmediately(IIII)V+683
j  javax.swing.JComponent.paintImmediately(IIII)V+138
j  javax.swing.RepaintManager$3.run()Ljava/lang/Void;+75
j  javax.swing.RepaintManager$3.run()Ljava/lang/Object;+1
v  ~StubRoutines::call_stub
j  java.security.AccessController.doPrivileged(Ljava/security/PrivilegedAction;Ljava/security/AccessControlContext;)Ljava/lang/Object;+0
j  java.security.ProtectionDomain$1.doIntersectionPrivilege(Ljava/security/PrivilegedAction;Ljava/security/AccessControlContext;Ljava/security/AccessControlContext;)Ljava/lang/Object;+28
j  javax.swing.RepaintManager.paintDirtyRegions(Ljava/util/Map;)V+154
j  javax.swing.RepaintManager.paintDirtyRegions()V+46
j  javax.swing.RepaintManager.prePaintDirtyRegions()V+73
j  javax.swing.RepaintManager.access$1100(Ljavax/swing/RepaintManager;)V+1
j  javax.swing.RepaintManager$ProcessingRunnable.run()V+37
j  java.awt.event.InvocationEvent.dispatch()V+47
j  java.awt.EventQueue.dispatchEventImpl(Ljava/awt/AWTEvent;Ljava/lang/Object;)V+21
j  java.awt.EventQueue.access$300(Ljava/awt/EventQueue;Ljava/awt/AWTEvent;Ljava/lang/Object;)V+3
j  java.awt.EventQueue$3.run()Ljava/lang/Void;+12
j  java.awt.EventQueue$3.run()Ljava/lang/Object;+1
v  ~StubRoutines::call_stub
j  java.security.AccessController.doPrivileged(Ljava/security/PrivilegedAction;Ljava/security/AccessControlContext;)Ljava/lang/Object;+0
j  java.security.ProtectionDomain$1.doIntersectionPrivilege(Ljava/security/PrivilegedAction;Ljava/security/AccessControlContext;Ljava/security/AccessControlContext;)Ljava/lang/Object;+28
j  java.awt.EventQueue.dispatchEvent(Ljava/awt/AWTEvent;)V+46
j  java.awt.EventDispatchThread.pumpOneEventForFilters(I)V+245
j  java.awt.EventDispatchThread.pumpEventsForFilter(ILjava/awt/Conditional;Ljava/awt/EventFilter;)V+35
j  java.awt.EventDispatchThread.pumpEventsForHierarchy(ILjava/awt/Conditional;Ljava/awt/Component;)V+11
j  java.awt.EventDispatchThread.pumpEvents(ILjava/awt/Conditional;)V+4
j  java.awt.EventDispatchThread.pumpEvents(Ljava/awt/Conditional;)V+3
j  java.awt.EventDispatchThread.run()V+9
v  ~StubRoutines::call_stub

---------------  P R O C E S S  ---------------

Java Threads: ( => current thread )
  0x00000000155b0000 JavaThread "Thread-6" [_thread_in_native, id=12548, stack(0x0000000016bb0000,0x0000000016cb0000)]
  0x0000000011d1d000 JavaThread "TimerQueue" daemon [_thread_blocked, id=6764, stack(0x00000000139d0000,0x0000000013ad0000)]
  0x000000000257e000 JavaThread "DestroyJavaVM" [_thread_blocked, id=22340, stack(0x00000000027e0000,0x00000000028e0000)]
  0x000000001232d000 JavaThread "Image Fetcher 0" daemon [_thread_blocked, id=22456, stack(0x0000000012a80000,0x0000000012b80000)]
=>0x0000000011db3800 JavaThread "AWT-EventQueue-0" [_thread_in_native, id=17172, stack(0x0000000012900000,0x0000000012a00000)]
  0x000000001232f000 JavaThread "AWT-Shutdown" [_thread_blocked, id=16812, stack(0x0000000012760000,0x0000000012860000)]
  0x00000000109ec000 JavaThread "AWT-Windows" daemon [_thread_in_native, id=24912, stack(0x0000000011810000,0x0000000011910000)]
  0x00000000108bb800 JavaThread "Java2D Disposer" daemon [_thread_blocked, id=18212, stack(0x0000000011510000,0x0000000011610000)]
  0x00000000108e2800 JavaThread "VideoManager" [_thread_in_vm, id=16712, stack(0x0000000011200000,0x0000000011300000)]
  0x00000000108e1800 JavaThread "NavDataManager" [_thread_in_native, id=17796, stack(0x0000000011390000,0x0000000011490000)]
  0x000000001074c800 JavaThread "CommandManager" [_thread_blocked, id=11892, stack(0x0000000010f10000,0x0000000011010000)]
  0x000000001074b800 JavaThread "YADrone CommandManager Timer" [_thread_blocked, id=24372, stack(0x0000000010260000,0x0000000010360000)]
  0x000000000f9ee800 JavaThread "Service Thread" daemon [_thread_blocked, id=2720, stack(0x0000000010540000,0x0000000010640000)]
  0x000000000f9ec800 JavaThread "C2 CompilerThread1" daemon [_thread_blocked, id=9576, stack(0x00000000103b0000,0x00000000104b0000)]
  0x000000000f9e7800 JavaThread "C2 CompilerThread0" daemon [_thread_blocked, id=22844, stack(0x0000000010140000,0x0000000010240000)]
  0x000000000f9e3000 JavaThread "Attach Listener" daemon [_thread_blocked, id=16728, stack(0x000000000fe50000,0x000000000ff50000)]
  0x000000000f9db800 JavaThread "Signal Dispatcher" daemon [_thread_blocked, id=25652, stack(0x000000000ffb0000,0x00000000100b0000)]
  0x000000000f989800 JavaThread "Finalizer" daemon [_thread_blocked, id=17892, stack(0x000000000fd50000,0x000000000fe50000)]
  0x000000000f982800 JavaThread "Reference Handler" daemon [_thread_blocked, id=7228, stack(0x000000000fc50000,0x000000000fd50000)]

Other Threads:
  0x000000000f97c800 VMThread [stack: 0x0000000013b30000,0x0000000013c30000] [id=7084]
  0x000000000f9ff800 WatcherThread [stack: 0x0000000010af0000,0x0000000010bf0000] [id=9800]

VM state:not at safepoint (normal execution)

VM Mutex/Monitor currently owned by a thread: None

Heap
 PSYoungGen      total 141824K, used 4716K [0x00000007ab480000, 0x00000007c7480000, 0x0000000800000000)
  eden space 131072K, 3% used [0x00000007ab480000,0x00000007ab91b2b0,0x00000007b3480000)
  from space 10752K, 0% used [0x00000007b3480000,0x00000007b3480000,0x00000007b3f00000)
  to   space 98304K, 0% used [0x00000007c1480000,0x00000007c1480000,0x00000007c7480000)
 ParOldGen       total 258560K, used 93898K [0x0000000701e00000, 0x0000000711a80000, 0x00000007ab480000)
  object space 258560K, 36% used [0x0000000701e00000,0x00000007079b2838,0x0000000711a80000)
 PSPermGen       total 37376K, used 18669K [0x00000006fcc00000, 0x00000006ff080000, 0x0000000701e00000)
  object space 37376K, 49% used [0x00000006fcc00000,0x00000006fde3b578,0x00000006ff080000)

Card table byte_map: [0x00000000058e0000,0x0000000006100000] byte_map_base: 0x00000000020fa000

Polling page: 0x0000000000330000

Code Cache  [0x00000000028e0000, 0x0000000002b50000, 0x00000000058e0000)
 total_blobs=801 nmethods=234 adapters=519 free_code_cache=47951Kb largest_free_block=49040000

Compilation events (10 events):
Event: 12.379 Thread 0x000000000f9e7800 nmethod 239 0x000000000294e490 code [0x000000000294e5c0, 0x000000000294e618]
Event: 12.407 Thread 0x000000000f9ec800 nmethod 237 0x0000000002993990 code [0x0000000002993d80, 0x0000000002995668]
Event: 12.704 Thread 0x000000000f9e7800  241             java.lang.StringBuilder::toString (17 bytes)
Event: 12.717 Thread 0x000000000f9e7800 nmethod 241 0x000000000299ee10 code [0x000000000299ef60, 0x000000000299f258]
Event: 12.872 Thread 0x000000000f9ec800  242             java.nio.Bits::byteOrder (20 bytes)
Event: 12.873 Thread 0x000000000f9ec800 nmethod 242 0x000000000299eb50 code [0x000000000299ec80, 0x000000000299ecd8]
Event: 13.007 Thread 0x000000000f9e7800  243             java.util.EnumMap::access$600 (5 bytes)
Event: 13.009 Thread 0x000000000f9e7800 nmethod 243 0x00000000029c5d50 code [0x00000000029c5e80, 0x00000000029c5ed8]
Event: 13.467 Thread 0x000000000f9ec800  244             java.nio.Buffer::nextGetIndex (38 bytes)
Event: 13.468 Thread 0x000000000f9ec800 nmethod 244 0x00000000029c4610 code [0x00000000029c4740, 0x00000000029c47b8]

GC Heap History (10 events):
Event: 9.585 GC heap before
{Heap before GC invocations=2 (full 0):
 PSYoungGen      total 76288K, used 75276K [0x00000007ab480000, 0x00000007b0980000, 0x0000000800000000)
  eden space 65536K, 100% used [0x00000007ab480000,0x00000007af480000,0x00000007af480000)
  from space 10752K, 90% used [0x00000007af480000,0x00000007afe030c8,0x00000007aff00000)
  to   space 10752K, 0% used [0x00000007aff00000,0x00000007aff00000,0x00000007b0980000)
 ParOldGen       total 173056K, used 8K [0x0000000701e00000, 0x000000070c700000, 0x00000007ab480000)
  object space 173056K, 0% used [0x0000000701e00000,0x0000000701e02000,0x000000070c700000)
 PSPermGen       total 21504K, used 11725K [0x00000006fcc00000, 0x00000006fe100000, 0x0000000701e00000)
  object space 21504K, 54% used [0x00000006fcc00000,0x00000006fd773468,0x00000006fe100000)
Event: 9.599 GC heap after
Heap after GC invocations=2 (full 0):
 PSYoungGen      total 76288K, used 9789K [0x00000007ab480000, 0x00000007b0980000, 0x0000000800000000)
  eden space 65536K, 0% used [0x00000007ab480000,0x00000007ab480000,0x00000007af480000)
  from space 10752K, 91% used [0x00000007aff00000,0x00000007b088f5c0,0x00000007b0980000)
  to   space 10752K, 0% used [0x00000007af480000,0x00000007af480000,0x00000007aff00000)
 ParOldGen       total 173056K, used 16K [0x0000000701e00000, 0x000000070c700000, 0x00000007ab480000)
  object space 173056K, 0% used [0x0000000701e00000,0x0000000701e04000,0x000000070c700000)
 PSPermGen       total 21504K, used 11725K [0x00000006fcc00000, 0x00000006fe100000, 0x0000000701e00000)
  object space 21504K, 54% used [0x00000006fcc00000,0x00000006fd773468,0x00000006fe100000)
}
Event: 12.577 GC heap before
{Heap before GC invocations=3 (full 0):
 PSYoungGen      total 76288K, used 74741K [0x00000007ab480000, 0x00000007b0980000, 0x0000000800000000)
  eden space 65536K, 99% used [0x00000007ab480000,0x00000007af3edee0,0x00000007af480000)
  from space 10752K, 91% used [0x00000007aff00000,0x00000007b088f5c0,0x00000007b0980000)
  to   space 10752K, 0% used [0x00000007af480000,0x00000007af480000,0x00000007aff00000)
 ParOldGen       total 173056K, used 16K [0x0000000701e00000, 0x000000070c700000, 0x00000007ab480000)
  object space 173056K, 0% used [0x0000000701e00000,0x0000000701e04000,0x000000070c700000)
 PSPermGen       total 21504K, used 18656K [0x00000006fcc00000, 0x00000006fe100000, 0x0000000701e00000)
  object space 21504K, 86% used [0x00000006fcc00000,0x00000006fde38090,0x00000006fe100000)
Event: 12.625 GC heap after
Heap after GC invocations=3 (full 0):
 PSYoungGen      total 76288K, used 10731K [0x00000007ab480000, 0x00000007b4980000, 0x0000000800000000)
  eden space 65536K, 0% used [0x00000007ab480000,0x00000007ab480000,0x00000007af480000)
  from space 10752K, 99% used [0x00000007af480000,0x00000007afefafe0,0x00000007aff00000)
  to   space 10752K, 0% used [0x00000007b3f00000,0x00000007b3f00000,0x00000007b4980000)
 ParOldGen       total 173056K, used 14938K [0x0000000701e00000, 0x000000070c700000, 0x00000007ab480000)
  object space 173056K, 8% used [0x0000000701e00000,0x0000000702c96b00,0x000000070c700000)
 PSPermGen       total 21504K, used 18656K [0x00000006fcc00000, 0x00000006fe100000, 0x0000000701e00000)
  object space 21504K, 86% used [0x00000006fcc00000,0x00000006fde38090,0x00000006fe100000)
}
Event: 12.825 GC heap before
{Heap before GC invocations=4 (full 0):
 PSYoungGen      total 76288K, used 73767K [0x00000007ab480000, 0x00000007b4980000, 0x0000000800000000)
  eden space 65536K, 96% used [0x00000007ab480000,0x00000007af20ed38,0x00000007af480000)
  from space 10752K, 99% used [0x00000007af480000,0x00000007afefafe0,0x00000007aff00000)
  to   space 10752K, 0% used [0x00000007b3f00000,0x00000007b3f00000,0x00000007b4980000)
 ParOldGen       total 173056K, used 14938K [0x0000000701e00000, 0x000000070c700000, 0x00000007ab480000)
  object space 173056K, 8% used [0x0000000701e00000,0x0000000702c96b00,0x000000070c700000)
 PSPermGen       total 21504K, used 18671K [0x00000006fcc00000, 0x00000006fe100000, 0x0000000701e00000)
  object space 21504K, 86% used [0x00000006fcc00000,0x00000006fde3bfc8,0x00000006fe100000)
Event: 12.866 GC heap after
Heap after GC invocations=4 (full 0):
 PSYoungGen      total 141824K, used 10747K [0x00000007ab480000, 0x00000007b4980000, 0x0000000800000000)
  eden space 131072K, 0% used [0x00000007ab480000,0x00000007ab480000,0x00000007b3480000)
  from space 10752K, 99% used [0x00000007b3f00000,0x00000007b497eff0,0x00000007b4980000)
  to   space 10752K, 0% used [0x00000007b3480000,0x00000007b3480000,0x00000007b3f00000)
 ParOldGen       total 173056K, used 62198K [0x0000000701e00000, 0x000000070c700000, 0x00000007ab480000)
  object space 173056K, 35% used [0x0000000701e00000,0x0000000705abd8c0,0x000000070c700000)
 PSPermGen       total 21504K, used 18671K [0x00000006fcc00000, 0x00000006fe100000, 0x0000000701e00000)
  object space 21504K, 86% used [0x00000006fcc00000,0x00000006fde3bfc8,0x00000006fe100000)
}
Event: 13.144 GC heap before
{Heap before GC invocations=5 (full 0):
 PSYoungGen      total 141824K, used 140279K [0x00000007ab480000, 0x00000007b4980000, 0x0000000800000000)
  eden space 131072K, 98% used [0x00000007ab480000,0x00000007b32fefd8,0x00000007b3480000)
  from space 10752K, 99% used [0x00000007b3f00000,0x00000007b497eff0,0x00000007b4980000)
  to   space 10752K, 0% used [0x00000007b3480000,0x00000007b3480000,0x00000007b3f00000)
 ParOldGen       total 173056K, used 62198K [0x0000000701e00000, 0x000000070c700000, 0x00000007ab480000)
  object space 173056K, 35% used [0x0000000701e00000,0x0000000705abd8c0,0x000000070c700000)
 PSPermGen       total 21504K, used 18675K [0x00000006fcc00000, 0x00000006fe100000, 0x0000000701e00000)
  object space 21504K, 86% used [0x00000006fcc00000,0x00000006fde3cf50,0x00000006fe100000)
Event: 13.213 GC heap after
Heap after GC invocations=5 (full 0):
 PSYoungGen      total 141824K, used 10732K [0x00000007ab480000, 0x00000007c7480000, 0x0000000800000000)
  eden space 131072K, 0% used [0x00000007ab480000,0x00000007ab480000,0x00000007b3480000)
  from space 10752K, 99% used [0x00000007b3480000,0x00000007b3efb150,0x00000007b3f00000)
  to   space 98304K, 0% used [0x00000007c1480000,0x00000007c1480000,0x00000007c7480000)
 ParOldGen       total 173056K, used 145908K [0x0000000701e00000, 0x000000070c700000, 0x00000007ab480000)
  object space 173056K, 84% used [0x0000000701e00000,0x000000070ac7d300,0x000000070c700000)
 PSPermGen       total 21504K, used 18675K [0x00000006fcc00000, 0x00000006fe100000, 0x0000000701e00000)
  object space 21504K, 86% used [0x00000006fcc00000,0x00000006fde3cf50,0x00000006fe100000)
}
Event: 13.213 GC heap before
{Heap before GC invocations=6 (full 1):
 PSYoungGen      total 141824K, used 10732K [0x00000007ab480000, 0x00000007c7480000, 0x0000000800000000)
  eden space 131072K, 0% used [0x00000007ab480000,0x00000007ab480000,0x00000007b3480000)
  from space 10752K, 99% used [0x00000007b3480000,0x00000007b3efb150,0x00000007b3f00000)
  to   space 98304K, 0% used [0x00000007c1480000,0x00000007c1480000,0x00000007c7480000)
 ParOldGen       total 173056K, used 145908K [0x0000000701e00000, 0x000000070c700000, 0x00000007ab480000)
  object space 173056K, 84% used [0x0000000701e00000,0x000000070ac7d300,0x000000070c700000)
 PSPermGen       total 21504K, used 18675K [0x00000006fcc00000, 0x00000006fe100000, 0x0000000701e00000)
  object space 21504K, 86% used [0x00000006fcc00000,0x00000006fde3cf50,0x00000006fe100000)
Event: 13.464 GC heap after
Heap after GC invocations=6 (full 1):
 PSYoungGen      total 141824K, used 0K [0x00000007ab480000, 0x00000007c7480000, 0x0000000800000000)
  eden space 131072K, 0% used [0x00000007ab480000,0x00000007ab480000,0x00000007b3480000)
  from space 10752K, 0% used [0x00000007b3480000,0x00000007b3480000,0x00000007b3f00000)
  to   space 98304K, 0% used [0x00000007c1480000,0x00000007c1480000,0x00000007c7480000)
 ParOldGen       total 258560K, used 93898K [0x0000000701e00000, 0x0000000711a80000, 0x00000007ab480000)
  object space 258560K, 36% used [0x0000000701e00000,0x00000007079b2838,0x0000000711a80000)
 PSPermGen       total 37376K, used 18669K [0x00000006fcc00000, 0x00000006ff080000, 0x0000000701e00000)
  object space 37376K, 49% used [0x00000006fcc00000,0x00000006fde3b578,0x00000006ff080000)
}

Deoptimization events (10 events):
Event: 10.334 Thread 0x000000001232d000 Uncommon trap: reason=class_check action=maybe_recompile pc=0x00000000029746e4 method=java.util.zip.InflaterInputStream.read([BII)I @ 100
Event: 10.369 Thread 0x000000001232d000 Uncommon trap: reason=class_check action=maybe_recompile pc=0x00000000029746e4 method=java.util.zip.InflaterInputStream.read([BII)I @ 100
Event: 10.382 Thread 0x000000001232d000 Uncommon trap: reason=class_check action=maybe_recompile pc=0x00000000029746e4 method=java.util.zip.InflaterInputStream.read([BII)I @ 100
Event: 10.808 Thread 0x000000001232d000 Uncommon trap: reason=range_check action=make_not_entrant pc=0x00000000029a7c48 method=java.awt.image.DirectColorModel.getsRGBComponentFromsRGB(II)I @ 6
Event: 10.817 Thread 0x000000001232d000 Uncommon trap: reason=range_check action=make_not_entrant pc=0x00000000029a3fd8 method=java.awt.image.DirectColorModel.getsRGBComponentFromsRGB(II)I @ 6
Event: 10.843 Thread 0x0000000011db3800 Uncommon trap: reason=bimorphic action=maybe_recompile pc=0x0000000002a00f54 method=java.util.Hashtable.put(Ljava/lang/Object;Ljava/lang/Object;)Ljava/lang/Object; @ 61
Event: 10.844 Thread 0x0000000011db3800 Uncommon trap: reason=bimorphic action=maybe_recompile pc=0x0000000002a00f54 method=java.util.Hashtable.put(Ljava/lang/Object;Ljava/lang/Object;)Ljava/lang/Object; @ 61
Event: 10.844 Thread 0x0000000011db3800 Uncommon trap: reason=bimorphic action=maybe_recompile pc=0x0000000002a00f54 method=java.util.Hashtable.put(Ljava/lang/Object;Ljava/lang/Object;)Ljava/lang/Object; @ 61
Event: 10.844 Thread 0x0000000011db3800 Uncommon trap: reason=bimorphic action=maybe_recompile pc=0x0000000002a00f54 method=java.util.Hashtable.put(Ljava/lang/Object;Ljava/lang/Object;)Ljava/lang/Object; @ 61
Event: 11.126 Thread 0x0000000011db3800 Uncommon trap: reason=null_check action=make_not_entrant pc=0x00000000029ce718 method=javax.swing.text.html.CSS.styleConstantsKeyToCSSKey(Ljavax/swing/text/StyleConstants;)Ljavax/swing/text/html/CSS$Attribute; @ 7

Internal exceptions (10 events):
Event: 12.316 Thread 0x00000000108e2800 Threw 0x00000007aeef2ab0 at C:\re\jdk7u79\2331\hotspot\src\share\vm\prims\jvm.cpp:1304
Event: 12.318 Thread 0x00000000108e2800 Threw 0x00000007aeefb038 at C:\re\jdk7u79\2331\hotspot\src\share\vm\prims\jvm.cpp:1304
Event: 12.321 Thread 0x00000000108e2800 Threw 0x00000007aef05498 at C:\re\jdk7u79\2331\hotspot\src\share\vm\prims\jvm.cpp:1304
Event: 12.466 Thread 0x00000000108e2800 Threw 0x00000007aef0f1d0 at C:\re\jdk7u79\2331\hotspot\src\share\vm\prims\jvm.cpp:1304
Event: 12.485 Thread 0x00000000108e2800 Threw 0x00000007aef15248 at C:\re\jdk7u79\2331\hotspot\src\share\vm\prims\jvm.cpp:1304
Event: 12.489 Thread 0x00000000108e2800 Threw 0x00000007aef1c598 at C:\re\jdk7u79\2331\hotspot\src\share\vm\prims\jvm.cpp:1304
Event: 12.494 Thread 0x00000000108e2800 Threw 0x00000007aef23278 at C:\re\jdk7u79\2331\hotspot\src\share\vm\prims\jvm.cpp:1304
Event: 12.496 Thread 0x00000000108e2800 Threw 0x00000007aef26b18 at C:\re\jdk7u79\2331\hotspot\src\share\vm\prims\jvm.cpp:1304
Event: 12.563 Thread 0x00000000108e2800 Threw 0x00000007aef2cb68 at C:\re\jdk7u79\2331\hotspot\src\share\vm\prims\jvm.cpp:1304
Event: 12.569 Thread 0x00000000108e2800 Threw 0x00000007aef32ad8 at C:\re\jdk7u79\2331\hotspot\src\share\vm\prims\jvm.cpp:1304

Events (10 events):
Event: 12.654 Executing VM operation: RevokeBias
Event: 12.654 Executing VM operation: RevokeBias done
Event: 12.655 Executing VM operation: RevokeBias
Event: 12.655 Executing VM operation: RevokeBias done
Event: 12.655 Executing VM operation: RevokeBias
Event: 12.655 Executing VM operation: RevokeBias done
Event: 12.825 Executing VM operation: ParallelGCFailedAllocation
Event: 12.866 Executing VM operation: ParallelGCFailedAllocation done
Event: 13.144 Executing VM operation: ParallelGCFailedAllocation
Event: 13.464 Executing VM operation: ParallelGCFailedAllocation done


Dynamic libraries:
0x000000013f7e0000 - 0x000000013f813000 	C:\Program Files\Java\jre7\bin\javaw.exe
0x0000000076e20000 - 0x0000000076fc9000 	C:\windows\SYSTEM32\ntdll.dll
0x0000000076a40000 - 0x0000000076b5f000 	C:\windows\system32\kernel32.dll
0x000007fefd410000 - 0x000007fefd47b000 	C:\windows\system32\KERNELBASE.dll
0x0000000074600000 - 0x0000000074688000 	C:\windows\System32\SYSFER.DLL
0x000007fefde00000 - 0x000007fefdedb000 	C:\windows\system32\ADVAPI32.dll
0x000007fefece0000 - 0x000007fefed7f000 	C:\windows\system32\msvcrt.dll
0x000007fefd860000 - 0x000007fefd87f000 	C:\windows\SYSTEM32\sechost.dll
0x000007fefd650000 - 0x000007fefd77d000 	C:\windows\system32\RPCRT4.dll
0x0000000076720000 - 0x000000007681a000 	C:\windows\system32\USER32.dll
0x000007fefdee0000 - 0x000007fefdf47000 	C:\windows\system32\GDI32.dll
0x000007fefd850000 - 0x000007fefd85e000 	C:\windows\system32\LPK.dll
0x000007fefd780000 - 0x000007fefd849000 	C:\windows\system32\USP10.dll
0x000007fefb830000 - 0x000007fefba24000 	C:\windows\WinSxS\amd64_microsoft.windows.common-controls_6595b64144ccf1df_6.0.7601.18837_none_fa3b1e3d17594757\COMCTL32.dll
0x000007fefefd0000 - 0x000007feff041000 	C:\windows\system32\SHLWAPI.dll
0x000007fefdad0000 - 0x000007fefdafe000 	C:\windows\system32\IMM32.DLL
0x000007fefee20000 - 0x000007fefef29000 	C:\windows\system32\MSCTF.dll
0x0000000069d20000 - 0x0000000069df2000 	C:\Program Files\Java\jre7\bin\msvcr100.dll
0x000000006e8e0000 - 0x000000006f0b5000 	C:\Program Files\Java\jre7\bin\server\jvm.dll
0x000007fefa890000 - 0x000007fefa899000 	C:\windows\system32\WSOCK32.dll
0x000007fefda80000 - 0x000007fefdacd000 	C:\windows\system32\WS2_32.dll
0x000007fefdd10000 - 0x000007fefdd18000 	C:\windows\system32\NSI.dll
0x000007fefa8a0000 - 0x000007fefa8db000 	C:\windows\system32\WINMM.dll
0x0000000076ff0000 - 0x0000000076ff7000 	C:\windows\system32\PSAPI.DLL
0x00000000703c0000 - 0x00000000703cf000 	C:\Program Files\Java\jre7\bin\verify.dll
0x0000000069f70000 - 0x0000000069f98000 	C:\Program Files\Java\jre7\bin\java.dll
0x000000006fdf0000 - 0x000000006fe05000 	C:\Program Files\Java\jre7\bin\zip.dll
0x000007feeec50000 - 0x000007feeecb0000 	C:\Program Files\Manufacturer\Endpoint Agent\prntm64.dll
0x000007fefd0d0000 - 0x000007fefd0db000 	C:\windows\system32\Secur32.dll
0x000007fefd120000 - 0x000007fefd145000 	C:\windows\system32\SSPICLI.DLL
0x000007fefa1d0000 - 0x000007fefa241000 	C:\windows\system32\WINSPOOL.DRV
0x0000000073840000 - 0x00000000738d8000 	C:\windows\system32\MSVCP100.dll
0x000007fefdb00000 - 0x000007fefdd03000 	C:\windows\system32\ole32.dll
0x0000000073040000 - 0x000000007305a000 	C:\Program Files\Java\jre7\bin\net.dll
0x000007fefcb10000 - 0x000007fefcb65000 	C:\windows\system32\mswsock.dll
0x000007fefcb00000 - 0x000007fefcb07000 	C:\windows\System32\wship6.dll
0x000000006fe50000 - 0x000000006fe61000 	C:\Program Files\Java\jre7\bin\nio.dll
0x000007fefc9b0000 - 0x000007fefc9c8000 	C:\windows\system32\CRYPTSP.dll
0x000007fefc810000 - 0x000007fefc857000 	C:\windows\system32\rsaenh.dll
0x000007fefc900000 - 0x000007fefc91e000 	C:\windows\system32\USERENV.dll
0x000007fefd280000 - 0x000007fefd28f000 	C:\windows\system32\profapi.dll
0x000007fefd1b0000 - 0x000007fefd1bf000 	C:\windows\system32\CRYPTBASE.dll
0x000007fefa720000 - 0x000007fefa747000 	C:\windows\system32\IPHLPAPI.DLL
0x000007fefa770000 - 0x000007fefa77b000 	C:\windows\system32\WINNSI.DLL
0x000007fef9940000 - 0x000007fef9958000 	C:\windows\system32\dhcpcsvc.DLL
0x000007fef9920000 - 0x000007fef9931000 	C:\windows\system32\dhcpcsvc6.DLL
0x00000000776b0000 - 0x0000000077845000 	C:\Program Files\Java\jre7\bin\awt.dll
0x000007feff050000 - 0x000007feff127000 	C:\windows\system32\OLEAUT32.dll
0x000007fefa4e0000 - 0x000007fefa4f8000 	C:\windows\system32\DWMAPI.DLL
0x000007fefae80000 - 0x000007fefaed6000 	C:\windows\system32\uxtheme.dll
0x000007fefdf50000 - 0x000007fefecda000 	C:\windows\system32\SHELL32.dll
0x0000000069e40000 - 0x0000000069e87000 	C:\Program Files\Java\jre7\bin\fontmanager.dll
0x0000000013c30000 - 0x0000000015295000 	C:\Users\kamil.saib\AppData\Local\Temp\xuggle\xuggle6541110959423541855.dll
0x000007fef90d0000 - 0x000007fef90e7000 	C:\windows\system32\AVICAP32.dll
0x000007fefc3d0000 - 0x000007fefc3dc000 	C:\windows\system32\VERSION.dll
0x000007feef1b0000 - 0x000007feef1d9000 	C:\windows\system32\MSVFW32.dll
0x000000006b050000 - 0x000000006b091000 	C:\Program Files\Java\jre7\bin\t2k.dll
0x0000000065800000 - 0x0000000065830000 	C:\Program Files\Java\jre7\bin\jpeg.dll

VM Arguments:
jvm_args: -Dfile.encoding=Cp1252 
java_command: de.yadrone.apps.controlcenter.YADroneControlCenter
Launcher Type: SUN_STANDARD

Environment Variables:
JAVA_HOME=C:\Program Files\Java\jdk1.7.0_79
PATH=JAVA_HOME\bin;C:\devtools\javaautomation\apache-maven-3.0.4\bin;C:\windows\system32;C:\windows;C:\windows\System32\Wbem;C:\windows\System32\WindowsPowerShell\v1.0\;C:\windows\System32\WindowsPowerShell\v1.0\;C:\Program Files\Java\jdk1.7.0_79\bin;C:\Program Files(x86)\Brackets\command;C:\Users\kamil.saib\Desktop\DOWNLOADS\crx-quickstart\opt\filevault\vault-cli-3.1.6\bin;C:\devtools\apache-maven-3.2.3\bin;C:\Program Files\TortoiseSVN\bin;C:\devtools\filevault\vault-cli-3.1.6\bin;C:\Program Files\MATLAB\R2015a\bin;C:\Program Files (x86)\MiKTeX 2.9\miktex\bin\;C:\Program Files\Git\cmd;C:\devtools\gradle-2.6\bin;C:\Program Files (x86)\Skype\Phone";C:\devtools\nodejs\;C:\Users\kamil.saib\AppData\Roaming\npm
USERNAME=kamil.saib
OS=Windows_NT
PROCESSOR_IDENTIFIER=Intel64 Family 6 Model 69 Stepping 1, GenuineIntel



---------------  S Y S T E M  ---------------

OS: Windows 7 , 64 bit Build 7601 Service Pack 1

CPU:total 4 (2 cores per cpu, 2 threads per core) family 6 model 69 stepping 1, cmov, cx8, fxsr, mmx, sse, sse2, sse3, ssse3, sse4.1, sse4.2, popcnt, avx, avx2, aes, erms, ht, tsc, tscinvbit

Memory: 4k page, physical 16646252k(5051876k free), swap 32468620k(18441888k free)

vm_info: Java HotSpot(TM) 64-Bit Server VM (24.79-b02) for windows-amd64 JRE (1.7.0_79-b15), built on Apr 10 2015 12:36:16 by "java_re" with unknown MS VC++:1600

time: Sat Sep 12 17:38:33 2015
elapsed time: 13 seconds

